Analysis & Elaboration report for project
Tue Jun  7 14:45:11 2022
Quartus Prime Version 21.1.0 Build 842 10/21/2021 SJ Lite Edition


---------------------
; Table of Contents ;
---------------------
  1. Legal Notice
  2. Analysis & Elaboration Summary
  3. Parallel Compilation
  4. Analysis & Elaboration Settings
  5. Port Connectivity Checks: "FSM:inst_a|NextState:inst_next"
  6. Analysis & Elaboration Messages
  7. Analysis & Elaboration Suppressed Messages



----------------
; Legal Notice ;
----------------
Copyright (C) 2021  Intel Corporation. All rights reserved.
Your use of Intel Corporation's design tools, logic functions 
and other software and tools, and any partner logic 
functions, and any output files from any of the foregoing 
(including device programming or simulation files), and any 
associated documentation or information are expressly subject 
to the terms and conditions of the Intel Program License 
Subscription Agreement, the Intel Quartus Prime License Agreement,
the Intel FPGA IP License Agreement, or other applicable license
agreement, including, without limitation, that your use is for
the sole purpose of programming logic devices manufactured by
Intel and sold by Intel or its authorized distributors.  Please
refer to the applicable agreement for further details, at
https://fpgasoftware.intel.com/eula.



+-----------------------------------------------------------------------------+
; Analysis & Elaboration Summary                                              ;
+-------------------------------+---------------------------------------------+
; Analysis & Elaboration Status ; Successful - Tue Jun  7 14:45:11 2022       ;
; Quartus Prime Version         ; 21.1.0 Build 842 10/21/2021 SJ Lite Edition ;
; Revision Name                 ; project                                     ;
; Top-level Entity Name         ; Processor                                   ;
; Family                        ; Cyclone V                                   ;
; Logic utilization (in ALMs)   ; N/A until Partition Merge                   ;
; Total registers               ; N/A until Partition Merge                   ;
; Total pins                    ; N/A until Partition Merge                   ;
; Total virtual pins            ; N/A until Partition Merge                   ;
; Total block memory bits       ; N/A until Partition Merge                   ;
; Total PLLs                    ; N/A until Partition Merge                   ;
; Total DLLs                    ; N/A until Partition Merge                   ;
+-------------------------------+---------------------------------------------+


+------------------------------------------+
; Parallel Compilation                     ;
+----------------------------+-------------+
; Processors                 ; Number      ;
+----------------------------+-------------+
; Number detected on machine ; 16          ;
; Maximum allowed            ; 8           ;
;                            ;             ;
; Average used               ; 1.00        ;
; Maximum used               ; 1           ;
;                            ;             ;
; Usage by Processor         ; % Time Used ;
;     Processor 1            ; 100.0%      ;
+----------------------------+-------------+


+---------------------------------------------------------------------------------------------------------------------------+
; Analysis & Elaboration Settings                                                                                           ;
+---------------------------------------------------------------------------------+--------------------+--------------------+
; Option                                                                          ; Setting            ; Default Value      ;
+---------------------------------------------------------------------------------+--------------------+--------------------+
; Device                                                                          ; 5CSEMA5F31C6       ;                    ;
; Top-level entity name                                                           ; Processor          ; project            ;
; Family name                                                                     ; Cyclone V          ; Cyclone V          ;
; Use smart compilation                                                           ; Off                ; Off                ;
; Enable parallel Assembler and Timing Analyzer during compilation                ; On                 ; On                 ;
; Enable compact report table                                                     ; Off                ; Off                ;
; Restructure Multiplexers                                                        ; Auto               ; Auto               ;
; MLAB Add Timing Constraints For Mixed-Port Feed-Through Mode Setting Don't Care ; Off                ; Off                ;
; Create Debugging Nodes for IP Cores                                             ; Off                ; Off                ;
; Preserve fewer node names                                                       ; On                 ; On                 ;
; Intel FPGA IP Evaluation Mode                                                   ; Enable             ; Enable             ;
; Verilog Version                                                                 ; Verilog_2001       ; Verilog_2001       ;
; VHDL Version                                                                    ; VHDL_1993          ; VHDL_1993          ;
; State Machine Processing                                                        ; Auto               ; Auto               ;
; Safe State Machine                                                              ; Off                ; Off                ;
; Extract Verilog State Machines                                                  ; On                 ; On                 ;
; Extract VHDL State Machines                                                     ; On                 ; On                 ;
; Ignore Verilog initial constructs                                               ; Off                ; Off                ;
; Iteration limit for constant Verilog loops                                      ; 5000               ; 5000               ;
; Iteration limit for non-constant Verilog loops                                  ; 250                ; 250                ;
; Add Pass-Through Logic to Inferred RAMs                                         ; On                 ; On                 ;
; Infer RAMs from Raw Logic                                                       ; On                 ; On                 ;
; Parallel Synthesis                                                              ; On                 ; On                 ;
; DSP Block Balancing                                                             ; Auto               ; Auto               ;
; NOT Gate Push-Back                                                              ; On                 ; On                 ;
; Power-Up Don't Care                                                             ; On                 ; On                 ;
; Remove Redundant Logic Cells                                                    ; Off                ; Off                ;
; Remove Duplicate Registers                                                      ; On                 ; On                 ;
; Ignore CARRY Buffers                                                            ; Off                ; Off                ;
; Ignore CASCADE Buffers                                                          ; Off                ; Off                ;
; Ignore GLOBAL Buffers                                                           ; Off                ; Off                ;
; Ignore ROW GLOBAL Buffers                                                       ; Off                ; Off                ;
; Ignore LCELL Buffers                                                            ; Off                ; Off                ;
; Ignore SOFT Buffers                                                             ; On                 ; On                 ;
; Limit AHDL Integers to 32 Bits                                                  ; Off                ; Off                ;
; Optimization Technique                                                          ; Balanced           ; Balanced           ;
; Carry Chain Length                                                              ; 70                 ; 70                 ;
; Auto Carry Chains                                                               ; On                 ; On                 ;
; Auto Open-Drain Pins                                                            ; On                 ; On                 ;
; Perform WYSIWYG Primitive Resynthesis                                           ; Off                ; Off                ;
; Auto ROM Replacement                                                            ; On                 ; On                 ;
; Auto RAM Replacement                                                            ; On                 ; On                 ;
; Auto DSP Block Replacement                                                      ; On                 ; On                 ;
; Auto Shift Register Replacement                                                 ; Auto               ; Auto               ;
; Allow Shift Register Merging across Hierarchies                                 ; Auto               ; Auto               ;
; Auto Clock Enable Replacement                                                   ; On                 ; On                 ;
; Strict RAM Replacement                                                          ; Off                ; Off                ;
; Allow Synchronous Control Signals                                               ; On                 ; On                 ;
; Force Use of Synchronous Clear Signals                                          ; Off                ; Off                ;
; Auto Resource Sharing                                                           ; Off                ; Off                ;
; Allow Any RAM Size For Recognition                                              ; Off                ; Off                ;
; Allow Any ROM Size For Recognition                                              ; Off                ; Off                ;
; Allow Any Shift Register Size For Recognition                                   ; Off                ; Off                ;
; Use LogicLock Constraints during Resource Balancing                             ; On                 ; On                 ;
; Ignore translate_off and synthesis_off directives                               ; Off                ; Off                ;
; Timing-Driven Synthesis                                                         ; On                 ; On                 ;
; Report Parameter Settings                                                       ; On                 ; On                 ;
; Report Source Assignments                                                       ; On                 ; On                 ;
; Report Connectivity Checks                                                      ; On                 ; On                 ;
; Ignore Maximum Fan-Out Assignments                                              ; Off                ; Off                ;
; Synchronization Register Chain Length                                           ; 3                  ; 3                  ;
; Power Optimization During Synthesis                                             ; Normal compilation ; Normal compilation ;
; HDL message level                                                               ; Level2             ; Level2             ;
; Suppress Register Optimization Related Messages                                 ; Off                ; Off                ;
; Number of Removed Registers Reported in Synthesis Report                        ; 5000               ; 5000               ;
; Number of Swept Nodes Reported in Synthesis Report                              ; 5000               ; 5000               ;
; Number of Inverted Registers Reported in Synthesis Report                       ; 100                ; 100                ;
; Clock MUX Protection                                                            ; On                 ; On                 ;
; Auto Gated Clock Conversion                                                     ; Off                ; Off                ;
; Block Design Naming                                                             ; Auto               ; Auto               ;
; SDC constraint protection                                                       ; Off                ; Off                ;
; Synthesis Effort                                                                ; Auto               ; Auto               ;
; Shift Register Replacement - Allow Asynchronous Clear Signal                    ; On                 ; On                 ;
; Pre-Mapping Resynthesis Optimization                                            ; Off                ; Off                ;
; Analysis & Synthesis Message Level                                              ; Medium             ; Medium             ;
; Disable Register Merging Across Hierarchies                                     ; Auto               ; Auto               ;
; Resource Aware Inference For Block RAM                                          ; On                 ; On                 ;
; Automatic Parallel Synthesis                                                    ; On                 ; On                 ;
; Partial Reconfiguration Bitstream ID                                            ; Off                ; Off                ;
+---------------------------------------------------------------------------------+--------------------+--------------------+


+------------------------------------------------------------------------------------------------------------------------------------------------------+
; Port Connectivity Checks: "FSM:inst_a|NextState:inst_next"                                                                                           ;
+------+--------+----------+---------------------------------------------------------------------------------------------------------------------------+
; Port ; Type   ; Severity ; Details                                                                                                                   ;
+------+--------+----------+---------------------------------------------------------------------------------------------------------------------------+
; next ; Output ; Warning  ; Output or bidir port (16 bits) is wider than the port expression (5 bits) it drives; bit(s) "next[15..5]" have no fanouts ;
+------+--------+----------+---------------------------------------------------------------------------------------------------------------------------+


+---------------------------------+
; Analysis & Elaboration Messages ;
+---------------------------------+
Info: *******************************************************************
Info: Running Quartus Prime Analysis & Elaboration
    Info: Version 21.1.0 Build 842 10/21/2021 SJ Lite Edition
    Info: Processing started: Tue Jun  7 14:45:05 2022
Info: Command: quartus_map --read_settings_files=on --write_settings_files=off project -c project --analysis_and_elaboration
Warning (18236): Number of processors has not been specified which may cause overloading on shared machines.  Set the global assignment NUM_PARALLEL_PROCESSORS in your QSF to an appropriate value for best performance.
Info (20030): Parallel compilation is enabled and will use 8 of the 8 processors detected
Info (12021): Found 1 design units, including 1 entities, in source file processor_tb.v
    Info (12023): Found entity 1: Processor_TB File: C:/Users/722/Desktop/y3s1/elec2602/final/project/Processor_TB.v Line: 3
Warning (10463): Verilog HDL Declaration warning at Processor.v(9): "extern" is SystemVerilog-2005 keyword File: C:/Users/722/Desktop/y3s1/elec2602/final/project/Processor.v Line: 9
Info (12021): Found 1 design units, including 1 entities, in source file processor.v
    Info (12023): Found entity 1: Processor File: C:/Users/722/Desktop/y3s1/elec2602/final/project/Processor.v Line: 1
Info (12021): Found 1 design units, including 1 entities, in source file promemory.v
    Info (12023): Found entity 1: ProMemory File: C:/Users/722/Desktop/y3s1/elec2602/final/project/ProMemory.v Line: 1
Info (12021): Found 1 design units, including 1 entities, in source file programcounter.v
    Info (12023): Found entity 1: ProgramCounter File: C:/Users/722/Desktop/y3s1/elec2602/final/project/ProgramCounter.v Line: 1
Warning (10463): Verilog HDL Declaration warning at FSM.v(69): "extern" is SystemVerilog-2005 keyword File: C:/Users/722/Desktop/y3s1/elec2602/final/project/FSM.v Line: 69
Info (12021): Found 3 design units, including 3 entities, in source file fsm.v
    Info (12023): Found entity 1: Counter File: C:/Users/722/Desktop/y3s1/elec2602/final/project/FSM.v Line: 3
    Info (12023): Found entity 2: StateReg File: C:/Users/722/Desktop/y3s1/elec2602/final/project/FSM.v Line: 34
    Info (12023): Found entity 3: FSM File: C:/Users/722/Desktop/y3s1/elec2602/final/project/FSM.v Line: 55
Info (12021): Found 1 design units, including 1 entities, in source file nextstate.v
    Info (12023): Found entity 1: NextState File: C:/Users/722/Desktop/y3s1/elec2602/final/project/NextState.v Line: 1
Warning (10463): Verilog HDL Declaration warning at OutputSig.v(13): "extern" is SystemVerilog-2005 keyword File: C:/Users/722/Desktop/y3s1/elec2602/final/project/OutputSig.v Line: 13
Info (12021): Found 1 design units, including 1 entities, in source file outputsig.v
    Info (12023): Found entity 1: OutputSig File: C:/Users/722/Desktop/y3s1/elec2602/final/project/OutputSig.v Line: 1
Info (12021): Found 1 design units, including 1 entities, in source file decoder.v
    Info (12023): Found entity 1: Decoder File: C:/Users/722/Desktop/y3s1/elec2602/final/project/Decoder.v Line: 1
Warning (10463): Verilog HDL Declaration warning at Datapath.v(9): "extern" is SystemVerilog-2005 keyword File: C:/Users/722/Desktop/y3s1/elec2602/final/project/Datapath.v Line: 9
Info (12021): Found 1 design units, including 1 entities, in source file datapath.v
    Info (12023): Found entity 1: Datapath File: C:/Users/722/Desktop/y3s1/elec2602/final/project/Datapath.v Line: 1
Info (12021): Found 1 design units, including 1 entities, in source file reg.v
    Info (12023): Found entity 1: Reg File: C:/Users/722/Desktop/y3s1/elec2602/final/project/Reg.v Line: 1
Warning (12090): Entity "TriBuf" obtained from "TriBuf.v" instead of from Quartus Prime megafunction library File: C:/Users/722/Desktop/y3s1/elec2602/final/project/TriBuf.v Line: 1
Info (12021): Found 1 design units, including 1 entities, in source file tribuf.v
    Info (12023): Found entity 1: TriBuf File: C:/Users/722/Desktop/y3s1/elec2602/final/project/TriBuf.v Line: 1
Info (12021): Found 1 design units, including 1 entities, in source file alu.v
    Info (12023): Found entity 1: ALU File: C:/Users/722/Desktop/y3s1/elec2602/final/project/ALU.v Line: 1
Info (12127): Elaborating entity "Processor" for the top level hierarchy
Info (12128): Elaborating entity "FSM" for hierarchy "FSM:inst_a" File: C:/Users/722/Desktop/y3s1/elec2602/final/project/Processor.v Line: 21
Info (12128): Elaborating entity "Counter" for hierarchy "FSM:inst_a|Counter:inst_ctr" File: C:/Users/722/Desktop/y3s1/elec2602/final/project/FSM.v Line: 88
Warning (10230): Verilog HDL assignment warning at FSM.v(22): truncated value with size 32 to match size of target (4) File: C:/Users/722/Desktop/y3s1/elec2602/final/project/FSM.v Line: 22
Info (12128): Elaborating entity "NextState" for hierarchy "FSM:inst_a|NextState:inst_next" File: C:/Users/722/Desktop/y3s1/elec2602/final/project/FSM.v Line: 91
Warning (10235): Verilog HDL Always Construct warning at NextState.v(104): variable "count" is read inside the Always Construct but isn't in the Always Construct's Event Control File: C:/Users/722/Desktop/y3s1/elec2602/final/project/NextState.v Line: 104
Warning (10240): Verilog HDL Always Construct warning at NextState.v(14): inferring latch(es) for variable "next", which holds its previous value in one or more paths through the always construct File: C:/Users/722/Desktop/y3s1/elec2602/final/project/NextState.v Line: 14
Info (10041): Inferred latch for "next[0]" at NextState.v(14) File: C:/Users/722/Desktop/y3s1/elec2602/final/project/NextState.v Line: 14
Info (10041): Inferred latch for "next[1]" at NextState.v(14) File: C:/Users/722/Desktop/y3s1/elec2602/final/project/NextState.v Line: 14
Info (10041): Inferred latch for "next[2]" at NextState.v(14) File: C:/Users/722/Desktop/y3s1/elec2602/final/project/NextState.v Line: 14
Info (10041): Inferred latch for "next[3]" at NextState.v(14) File: C:/Users/722/Desktop/y3s1/elec2602/final/project/NextState.v Line: 14
Info (10041): Inferred latch for "next[4]" at NextState.v(14) File: C:/Users/722/Desktop/y3s1/elec2602/final/project/NextState.v Line: 14
Info (10041): Inferred latch for "next[5]" at NextState.v(14) File: C:/Users/722/Desktop/y3s1/elec2602/final/project/NextState.v Line: 14
Info (10041): Inferred latch for "next[6]" at NextState.v(14) File: C:/Users/722/Desktop/y3s1/elec2602/final/project/NextState.v Line: 14
Info (10041): Inferred latch for "next[7]" at NextState.v(14) File: C:/Users/722/Desktop/y3s1/elec2602/final/project/NextState.v Line: 14
Info (10041): Inferred latch for "next[8]" at NextState.v(14) File: C:/Users/722/Desktop/y3s1/elec2602/final/project/NextState.v Line: 14
Info (10041): Inferred latch for "next[9]" at NextState.v(14) File: C:/Users/722/Desktop/y3s1/elec2602/final/project/NextState.v Line: 14
Info (10041): Inferred latch for "next[10]" at NextState.v(14) File: C:/Users/722/Desktop/y3s1/elec2602/final/project/NextState.v Line: 14
Info (10041): Inferred latch for "next[11]" at NextState.v(14) File: C:/Users/722/Desktop/y3s1/elec2602/final/project/NextState.v Line: 14
Info (10041): Inferred latch for "next[12]" at NextState.v(14) File: C:/Users/722/Desktop/y3s1/elec2602/final/project/NextState.v Line: 14
Info (10041): Inferred latch for "next[13]" at NextState.v(14) File: C:/Users/722/Desktop/y3s1/elec2602/final/project/NextState.v Line: 14
Info (10041): Inferred latch for "next[14]" at NextState.v(14) File: C:/Users/722/Desktop/y3s1/elec2602/final/project/NextState.v Line: 14
Info (10041): Inferred latch for "next[15]" at NextState.v(14) File: C:/Users/722/Desktop/y3s1/elec2602/final/project/NextState.v Line: 14
Info (12128): Elaborating entity "OutputSig" for hierarchy "FSM:inst_a|OutputSig:inst_sig" File: C:/Users/722/Desktop/y3s1/elec2602/final/project/FSM.v Line: 95
Warning (10235): Verilog HDL Always Construct warning at OutputSig.v(86): variable "count" is read inside the Always Construct but isn't in the Always Construct's Event Control File: C:/Users/722/Desktop/y3s1/elec2602/final/project/OutputSig.v Line: 86
Warning (10240): Verilog HDL Always Construct warning at OutputSig.v(30): inferring latch(es) for variable "done", which holds its previous value in one or more paths through the always construct File: C:/Users/722/Desktop/y3s1/elec2602/final/project/OutputSig.v Line: 30
Warning (10240): Verilog HDL Always Construct warning at OutputSig.v(30): inferring latch(es) for variable "en", which holds its previous value in one or more paths through the always construct File: C:/Users/722/Desktop/y3s1/elec2602/final/project/OutputSig.v Line: 30
Warning (10240): Verilog HDL Always Construct warning at OutputSig.v(30): inferring latch(es) for variable "readAddr", which holds its previous value in one or more paths through the always construct File: C:/Users/722/Desktop/y3s1/elec2602/final/project/OutputSig.v Line: 30
Warning (10240): Verilog HDL Always Construct warning at OutputSig.v(30): inferring latch(es) for variable "ctrEn", which holds its previous value in one or more paths through the always construct File: C:/Users/722/Desktop/y3s1/elec2602/final/project/OutputSig.v Line: 30
Info (10041): Inferred latch for "ctrEn" at OutputSig.v(30) File: C:/Users/722/Desktop/y3s1/elec2602/final/project/OutputSig.v Line: 30
Info (10041): Inferred latch for "readAddr" at OutputSig.v(30) File: C:/Users/722/Desktop/y3s1/elec2602/final/project/OutputSig.v Line: 30
Info (10041): Inferred latch for "en" at OutputSig.v(30) File: C:/Users/722/Desktop/y3s1/elec2602/final/project/OutputSig.v Line: 30
Info (10041): Inferred latch for "done" at OutputSig.v(30) File: C:/Users/722/Desktop/y3s1/elec2602/final/project/OutputSig.v Line: 30
Info (12128): Elaborating entity "Decoder" for hierarchy "FSM:inst_a|Decoder:inst_decoder" File: C:/Users/722/Desktop/y3s1/elec2602/final/project/FSM.v Line: 98
Info (12128): Elaborating entity "StateReg" for hierarchy "FSM:inst_a|StateReg:inst_sr" File: C:/Users/722/Desktop/y3s1/elec2602/final/project/FSM.v Line: 101
Info (12128): Elaborating entity "Datapath" for hierarchy "Datapath:inst_b" File: C:/Users/722/Desktop/y3s1/elec2602/final/project/Processor.v Line: 24
Info (12128): Elaborating entity "TriBuf" for hierarchy "Datapath:inst_b|TriBuf:inst_tri" File: C:/Users/722/Desktop/y3s1/elec2602/final/project/Datapath.v Line: 46
Info (12128): Elaborating entity "Reg" for hierarchy "Datapath:inst_b|Reg:r0" File: C:/Users/722/Desktop/y3s1/elec2602/final/project/Datapath.v Line: 49
Info (12128): Elaborating entity "ALU" for hierarchy "Datapath:inst_b|ALU:inst_alu" File: C:/Users/722/Desktop/y3s1/elec2602/final/project/Datapath.v Line: 101
Warning (10240): Verilog HDL Always Construct warning at ALU.v(10): inferring latch(es) for variable "aluResult", which holds its previous value in one or more paths through the always construct File: C:/Users/722/Desktop/y3s1/elec2602/final/project/ALU.v Line: 10
Info (10041): Inferred latch for "aluResult[0]" at ALU.v(14) File: C:/Users/722/Desktop/y3s1/elec2602/final/project/ALU.v Line: 14
Info (10041): Inferred latch for "aluResult[1]" at ALU.v(14) File: C:/Users/722/Desktop/y3s1/elec2602/final/project/ALU.v Line: 14
Info (10041): Inferred latch for "aluResult[2]" at ALU.v(14) File: C:/Users/722/Desktop/y3s1/elec2602/final/project/ALU.v Line: 14
Info (10041): Inferred latch for "aluResult[3]" at ALU.v(14) File: C:/Users/722/Desktop/y3s1/elec2602/final/project/ALU.v Line: 14
Info (10041): Inferred latch for "aluResult[4]" at ALU.v(14) File: C:/Users/722/Desktop/y3s1/elec2602/final/project/ALU.v Line: 14
Info (10041): Inferred latch for "aluResult[5]" at ALU.v(14) File: C:/Users/722/Desktop/y3s1/elec2602/final/project/ALU.v Line: 14
Info (10041): Inferred latch for "aluResult[6]" at ALU.v(14) File: C:/Users/722/Desktop/y3s1/elec2602/final/project/ALU.v Line: 14
Info (10041): Inferred latch for "aluResult[7]" at ALU.v(14) File: C:/Users/722/Desktop/y3s1/elec2602/final/project/ALU.v Line: 14
Info (10041): Inferred latch for "aluResult[8]" at ALU.v(14) File: C:/Users/722/Desktop/y3s1/elec2602/final/project/ALU.v Line: 14
Info (10041): Inferred latch for "aluResult[9]" at ALU.v(14) File: C:/Users/722/Desktop/y3s1/elec2602/final/project/ALU.v Line: 14
Info (10041): Inferred latch for "aluResult[10]" at ALU.v(14) File: C:/Users/722/Desktop/y3s1/elec2602/final/project/ALU.v Line: 14
Info (10041): Inferred latch for "aluResult[11]" at ALU.v(14) File: C:/Users/722/Desktop/y3s1/elec2602/final/project/ALU.v Line: 14
Info (10041): Inferred latch for "aluResult[12]" at ALU.v(14) File: C:/Users/722/Desktop/y3s1/elec2602/final/project/ALU.v Line: 14
Info (10041): Inferred latch for "aluResult[13]" at ALU.v(14) File: C:/Users/722/Desktop/y3s1/elec2602/final/project/ALU.v Line: 14
Info (10041): Inferred latch for "aluResult[14]" at ALU.v(14) File: C:/Users/722/Desktop/y3s1/elec2602/final/project/ALU.v Line: 14
Info (10041): Inferred latch for "aluResult[15]" at ALU.v(14) File: C:/Users/722/Desktop/y3s1/elec2602/final/project/ALU.v Line: 14
Info (12128): Elaborating entity "ProgramCounter" for hierarchy "ProgramCounter:inst_pc" File: C:/Users/722/Desktop/y3s1/elec2602/final/project/Processor.v Line: 28
Warning (10230): Verilog HDL assignment warning at ProgramCounter.v(20): truncated value with size 32 to match size of target (16) File: C:/Users/722/Desktop/y3s1/elec2602/final/project/ProgramCounter.v Line: 20
Info (12128): Elaborating entity "ProMemory" for hierarchy "ProMemory:inst_memory" File: C:/Users/722/Desktop/y3s1/elec2602/final/project/Processor.v Line: 31
Warning (10270): Verilog HDL Case Statement warning at ProMemory.v(11): incomplete case statement has no default case item File: C:/Users/722/Desktop/y3s1/elec2602/final/project/ProMemory.v Line: 11
Warning (10240): Verilog HDL Always Construct warning at ProMemory.v(10): inferring latch(es) for variable "fncode", which holds its previous value in one or more paths through the always construct File: C:/Users/722/Desktop/y3s1/elec2602/final/project/ProMemory.v Line: 10
Warning (10240): Verilog HDL Always Construct warning at ProMemory.v(10): inferring latch(es) for variable "data", which holds its previous value in one or more paths through the always construct File: C:/Users/722/Desktop/y3s1/elec2602/final/project/ProMemory.v Line: 10
Info (10041): Inferred latch for "data[0]" at ProMemory.v(10) File: C:/Users/722/Desktop/y3s1/elec2602/final/project/ProMemory.v Line: 10
Info (10041): Inferred latch for "data[1]" at ProMemory.v(10) File: C:/Users/722/Desktop/y3s1/elec2602/final/project/ProMemory.v Line: 10
Info (10041): Inferred latch for "data[2]" at ProMemory.v(10) File: C:/Users/722/Desktop/y3s1/elec2602/final/project/ProMemory.v Line: 10
Info (10041): Inferred latch for "data[3]" at ProMemory.v(10) File: C:/Users/722/Desktop/y3s1/elec2602/final/project/ProMemory.v Line: 10
Info (10041): Inferred latch for "data[4]" at ProMemory.v(10) File: C:/Users/722/Desktop/y3s1/elec2602/final/project/ProMemory.v Line: 10
Info (10041): Inferred latch for "data[5]" at ProMemory.v(10) File: C:/Users/722/Desktop/y3s1/elec2602/final/project/ProMemory.v Line: 10
Info (10041): Inferred latch for "data[6]" at ProMemory.v(10) File: C:/Users/722/Desktop/y3s1/elec2602/final/project/ProMemory.v Line: 10
Info (10041): Inferred latch for "data[7]" at ProMemory.v(10) File: C:/Users/722/Desktop/y3s1/elec2602/final/project/ProMemory.v Line: 10
Info (10041): Inferred latch for "data[8]" at ProMemory.v(10) File: C:/Users/722/Desktop/y3s1/elec2602/final/project/ProMemory.v Line: 10
Info (10041): Inferred latch for "data[9]" at ProMemory.v(10) File: C:/Users/722/Desktop/y3s1/elec2602/final/project/ProMemory.v Line: 10
Info (10041): Inferred latch for "data[10]" at ProMemory.v(10) File: C:/Users/722/Desktop/y3s1/elec2602/final/project/ProMemory.v Line: 10
Info (10041): Inferred latch for "data[11]" at ProMemory.v(10) File: C:/Users/722/Desktop/y3s1/elec2602/final/project/ProMemory.v Line: 10
Info (10041): Inferred latch for "data[12]" at ProMemory.v(10) File: C:/Users/722/Desktop/y3s1/elec2602/final/project/ProMemory.v Line: 10
Info (10041): Inferred latch for "data[13]" at ProMemory.v(10) File: C:/Users/722/Desktop/y3s1/elec2602/final/project/ProMemory.v Line: 10
Info (10041): Inferred latch for "data[14]" at ProMemory.v(10) File: C:/Users/722/Desktop/y3s1/elec2602/final/project/ProMemory.v Line: 10
Info (10041): Inferred latch for "data[15]" at ProMemory.v(10) File: C:/Users/722/Desktop/y3s1/elec2602/final/project/ProMemory.v Line: 10
Info (10041): Inferred latch for "fncode[0]" at ProMemory.v(10) File: C:/Users/722/Desktop/y3s1/elec2602/final/project/ProMemory.v Line: 10
Info (10041): Inferred latch for "fncode[1]" at ProMemory.v(10) File: C:/Users/722/Desktop/y3s1/elec2602/final/project/ProMemory.v Line: 10
Info (10041): Inferred latch for "fncode[2]" at ProMemory.v(10) File: C:/Users/722/Desktop/y3s1/elec2602/final/project/ProMemory.v Line: 10
Info (10041): Inferred latch for "fncode[3]" at ProMemory.v(10) File: C:/Users/722/Desktop/y3s1/elec2602/final/project/ProMemory.v Line: 10
Info (10041): Inferred latch for "fncode[4]" at ProMemory.v(10) File: C:/Users/722/Desktop/y3s1/elec2602/final/project/ProMemory.v Line: 10
Info (10041): Inferred latch for "fncode[5]" at ProMemory.v(10) File: C:/Users/722/Desktop/y3s1/elec2602/final/project/ProMemory.v Line: 10
Info (10041): Inferred latch for "fncode[6]" at ProMemory.v(10) File: C:/Users/722/Desktop/y3s1/elec2602/final/project/ProMemory.v Line: 10
Info (10041): Inferred latch for "fncode[7]" at ProMemory.v(10) File: C:/Users/722/Desktop/y3s1/elec2602/final/project/ProMemory.v Line: 10
Info (10041): Inferred latch for "fncode[8]" at ProMemory.v(10) File: C:/Users/722/Desktop/y3s1/elec2602/final/project/ProMemory.v Line: 10
Info (10041): Inferred latch for "fncode[9]" at ProMemory.v(10) File: C:/Users/722/Desktop/y3s1/elec2602/final/project/ProMemory.v Line: 10
Info (10041): Inferred latch for "fncode[10]" at ProMemory.v(10) File: C:/Users/722/Desktop/y3s1/elec2602/final/project/ProMemory.v Line: 10
Info (10041): Inferred latch for "fncode[11]" at ProMemory.v(10) File: C:/Users/722/Desktop/y3s1/elec2602/final/project/ProMemory.v Line: 10
Info (10041): Inferred latch for "fncode[12]" at ProMemory.v(10) File: C:/Users/722/Desktop/y3s1/elec2602/final/project/ProMemory.v Line: 10
Info (10041): Inferred latch for "fncode[13]" at ProMemory.v(10) File: C:/Users/722/Desktop/y3s1/elec2602/final/project/ProMemory.v Line: 10
Info (10041): Inferred latch for "fncode[14]" at ProMemory.v(10) File: C:/Users/722/Desktop/y3s1/elec2602/final/project/ProMemory.v Line: 10
Info (10041): Inferred latch for "fncode[15]" at ProMemory.v(10) File: C:/Users/722/Desktop/y3s1/elec2602/final/project/ProMemory.v Line: 10
Warning (12241): 1 hierarchies have connectivity warnings - see the Connectivity Checks report folder
Info (144001): Generated suppressed messages file C:/Users/722/Desktop/y3s1/elec2602/final/project/output_files/project.map.smsg
Info: Quartus Prime Analysis & Elaboration was successful. 0 errors, 20 warnings
    Info: Peak virtual memory: 4785 megabytes
    Info: Processing ended: Tue Jun  7 14:45:11 2022
    Info: Elapsed time: 00:00:06
    Info: Total CPU time (on all processors): 00:00:19


+--------------------------------------------+
; Analysis & Elaboration Suppressed Messages ;
+--------------------------------------------+
The suppressed messages can be found in C:/Users/722/Desktop/y3s1/elec2602/final/project/output_files/project.map.smsg.


